Service Keter[Windows]._lanfiletransfer._tcp.local. added
{'c1be7358-4657-484a-801c-ee7415a3eb7a': Device(device_id='c1be7358-4657-484a-801c-ee7415a3eb7a', hostname='Keter', ip_address='192.168.15.2', port=50007, operating_system='Windows', version='ver. alpha 0.1', is_local=False)}
True
Listening...
('192.168.15.2', 50118) connected
Handling client ('192.168.15.2', 50118)
Transfer accepted.
Received 65536/17553372 bytes
Received 131072/17553372 bytes
Received 196608/17553372 bytes
Received 262144/17553372 bytes
Received 326400/17553372 bytes
Received 327680/17553372 bytes
Received 393216/17553372 bytes
Received 456960/17553372 bytes
Received 458752/17553372 bytes
Received 522240/17553372 bytes
Received 524288/17553372 bytes
Received 587520/17553372 bytes
Received 589824/17553372 bytes
Received 652800/17553372 bytes
Received 655360/17553372 bytes
Received 718080/17553372 bytes
Received 720896/17553372 bytes
Received 783360/17553372 bytes
Received 786432/17553372 bytes
Received 848640/17553372 bytes
Received 851968/17553372 bytes
Received 913920/17553372 bytes
Received 917504/17553372 bytes
Received 979200/17553372 bytes
Received 983040/17553372 bytes
Received 1048576/17553372 bytes
Received 1114112/17553372 bytes
Received 1179648/17553372 bytes
Received 1240320/17553372 bytes
Received 1245184/17553372 bytes
Received 1310720/17553372 bytes
Received 1376256/17553372 bytes
Received 1436160/17553372 bytes
Received 1441792/17553372 bytes
Received 1501440/17553372 bytes
Received 1507328/17553372 bytes
Received 1572864/17553372 bytes
Received 1632000/17553372 bytes
Received 1638400/17553372 bytes
Received 1697280/17553372 bytes
Received 1703936/17553372 bytes
Received 1762560/17553372 bytes
Received 1769472/17553372 bytes
Received 1827840/17553372 bytes
Received 1835008/17553372 bytes
Received 1893120/17553372 bytes
Received 1900544/17553372 bytes
Received 1958400/17553372 bytes
Received 1966080/17553372 bytes
Received 2023680/17553372 bytes
Received 2031616/17553372 bytes
Received 2097152/17553372 bytes
Received 2162688/17553372 bytes
Received 2228224/17553372 bytes
Received 2284800/17553372 bytes
Received 2293760/17553372 bytes
Received 2359296/17553372 bytes
Received 2415360/17553372 bytes
Received 2424832/17553372 bytes
Received 2480640/17553372 bytes
Received 2490368/17553372 bytes
Received 2545920/17553372 bytes
Received 2555904/17553372 bytes
Received 2611200/17553372 bytes
Received 2621440/17553372 bytes
Received 2676480/17553372 bytes
Received 2686976/17553372 bytes
Received 2741760/17553372 bytes
Received 2752512/17553372 bytes
Received 2807040/17553372 bytes
Received 2872320/17553372 bytes
Received 2883584/17553372 bytes
Received 2937600/17553372 bytes
Received 2949120/17553372 bytes
Received 3002880/17553372 bytes
Received 3014656/17553372 bytes
Received 3068160/17553372 bytes
Received 3080192/17553372 bytes
Received 3133440/17553372 bytes
Received 3145728/17553372 bytes
Received 3211264/17553372 bytes
Received 3264000/17553372 bytes
Received 3276800/17553372 bytes
Received 3329280/17553372 bytes
Received 3342336/17553372 bytes
Received 3394560/17553372 bytes
Received 3407872/17553372 bytes
Received 3459840/17553372 bytes
Received 3473408/17553372 bytes
Received 3525120/17553372 bytes
Received 3538944/17553372 bytes
Received 3590400/17553372 bytes
Received 3655936/17553372 bytes
Received 3670016/17553372 bytes
Received 3720960/17553372 bytes
Received 3735552/17553372 bytes
Received 3786240/17553372 bytes
Received 3801088/17553372 bytes
Received 3851520/17553372 bytes
Received 3866624/17553372 bytes
Received 3916800/17553372 bytes
Received 3932160/17553372 bytes
Received 3982080/17553372 bytes
Received 3997696/17553372 bytes
Received 4047360/17553372 bytes
Received 4063232/17553372 bytes
Received 4112640/17553372 bytes
Received 4128768/17553372 bytes
Received 4177920/17553372 bytes
Received 4194304/17553372 bytes
Received 4243200/17553372 bytes
Received 4259840/17553372 bytes
Received 4325376/17553372 bytes
Received 4390912/17553372 bytes
Received 4456448/17553372 bytes
Received 4504320/17553372 bytes
Received 4521984/17553372 bytes
Received 4569600/17553372 bytes
Received 4587520/17553372 bytes
Received 4634880/17553372 bytes
Received 4653056/17553372 bytes
Received 4718592/17553372 bytes
Received 4765440/17553372 bytes
Received 4784128/17553372 bytes
Received 4830720/17553372 bytes
Received 4849664/17553372 bytes
Received 4896000/17553372 bytes
Received 4915200/17553372 bytes
Received 4961280/17553372 bytes
Received 4980736/17553372 bytes
Received 5026560/17553372 bytes
Received 5046272/17553372 bytes
Received 5091840/17553372 bytes
Received 5111808/17553372 bytes
Received 5157120/17553372 bytes
Received 5177344/17553372 bytes
Received 5222400/17553372 bytes
Received 5242880/17553372 bytes
Received 5287680/17553372 bytes
Received 5308416/17553372 bytes
Received 5352960/17553372 bytes
Received 5373952/17553372 bytes
Received 5418240/17553372 bytes
Received 5439488/17553372 bytes
Received 5505024/17553372 bytes
Received 5548800/17553372 bytes
Received 5570560/17553372 bytes
Received 5614080/17553372 bytes
Received 5636096/17553372 bytes
Received 5679360/17553372 bytes
Received 5701632/17553372 bytes
Received 5744640/17553372 bytes
Received 5767168/17553372 bytes
Received 5809920/17553372 bytes
Received 5832704/17553372 bytes
Received 5875200/17553372 bytes
Received 5898240/17553372 bytes
Received 5940480/17553372 bytes
Received 5963776/17553372 bytes
Received 6029312/17553372 bytes
Received 6071040/17553372 bytes
Received 6094848/17553372 bytes
Received 6136320/17553372 bytes
Received 6160384/17553372 bytes
Received 6201600/17553372 bytes
Received 6225920/17553372 bytes
Received 6266880/17553372 bytes
Received 6291456/17553372 bytes
Received 6356992/17553372 bytes
Received 6397440/17553372 bytes
Received 6422528/17553372 bytes
Received 6462720/17553372 bytes
Received 6488064/17553372 bytes
Received 6528000/17553372 bytes
Received 6553600/17553372 bytes
Received 6593280/17553372 bytes
Received 6619136/17553372 bytes
Received 6658560/17553372 bytes
Received 6684672/17553372 bytes
Received 6723840/17553372 bytes
Received 6750208/17553372 bytes
Received 6815744/17553372 bytes
Received 6854400/17553372 bytes
Received 6881280/17553372 bytes
Received 6919680/17553372 bytes
Received 6946816/17553372 bytes
Received 6984960/17553372 bytes
Received 7012352/17553372 bytes
Received 7050240/17553372 bytes
Received 7077888/17553372 bytes
Received 7115520/17553372 bytes
Received 7143424/17553372 bytes
Received 7180800/17553372 bytes
Received 7208960/17553372 bytes
Received 7246080/17553372 bytes
Received 7274496/17553372 bytes
Received 7311360/17553372 bytes
Received 7340032/17553372 bytes
Received 7376640/17553372 bytes
Received 7405568/17553372 bytes
Received 7441920/17553372 bytes
Received 7471104/17553372 bytes
Received 7507200/17553372 bytes
Received 7536640/17553372 bytes
Received 7572480/17553372 bytes
Received 7602176/17553372 bytes
Received 7637760/17553372 bytes
Received 7667712/17553372 bytes
Received 7703040/17553372 bytes
Received 7733248/17553372 bytes
Received 7798784/17553372 bytes
Received 7833600/17553372 bytes
Received 7864320/17553372 bytes
Received 7898880/17553372 bytes
Received 7929856/17553372 bytes
Received 7964160/17553372 bytes
Received 7995392/17553372 bytes
Received 8029440/17553372 bytes
Received 8060928/17553372 bytes
Received 8094720/17553372 bytes
Received 8126464/17553372 bytes
Received 8192000/17553372 bytes
Received 8257536/17553372 bytes
Received 8290560/17553372 bytes
Received 8323072/17553372 bytes
Received 8355840/17553372 bytes
Received 8388608/17553372 bytes
Received 8454144/17553372 bytes
Received 8519680/17553372 bytes
Received 8585216/17553372 bytes
Received 8650752/17553372 bytes
Received 8716288/17553372 bytes
Received 8781824/17553372 bytes
Received 8847360/17553372 bytes
Received 8912896/17553372 bytes
Received 8978432/17553372 bytes
Received 9043968/17553372 bytes
Received 9109504/17553372 bytes
Received 9175040/17553372 bytes
Received 9240576/17553372 bytes
Received 9306112/17553372 bytes
Received 9371648/17553372 bytes
Received 9437184/17553372 bytes
Received 9502720/17553372 bytes
Received 9568256/17553372 bytes
Received 9633792/17553372 bytes
Received 9699328/17553372 bytes
Received 9764864/17553372 bytes
Received 9830400/17553372 bytes
Received 9895936/17553372 bytes
Received 9961472/17553372 bytes
Received 10027008/17553372 bytes
Received 10092544/17553372 bytes
Received 10158080/17553372 bytes
Received 10223616/17553372 bytes
Received 10289152/17553372 bytes
Received 10354688/17553372 bytes
Received 10420224/17553372 bytes
Received 10485760/17553372 bytes
Received 10551296/17553372 bytes
Received 10616832/17553372 bytes
Received 10682368/17553372 bytes
Received 10747904/17553372 bytes
Received 10813440/17553372 bytes
Received 10878976/17553372 bytes
Received 10944512/17553372 bytes
Received 11010048/17553372 bytes
Received 11075584/17553372 bytes
Received 11141120/17553372 bytes
Received 11206656/17553372 bytes
Received 11272192/17553372 bytes
Received 11337728/17553372 bytes
Received 11403264/17553372 bytes
Received 11468800/17553372 bytes
Received 11534336/17553372 bytes
Received 11599872/17553372 bytes
Received 11665408/17553372 bytes
Received 11730944/17553372 bytes
Received 11796480/17553372 bytes
Received 11862016/17553372 bytes
Received 11927552/17553372 bytes
Received 11993088/17553372 bytes
Received 12058624/17553372 bytes
Received 12124160/17553372 bytes
Received 12189696/17553372 bytes
Received 12255232/17553372 bytes
Received 12320768/17553372 bytes
Received 12386304/17553372 bytes
Received 12451840/17553372 bytes
Received 12517376/17553372 bytes
Received 12582912/17553372 bytes
Received 12648448/17553372 bytes
Received 12713984/17553372 bytes
Received 12779520/17553372 bytes
Received 12845056/17553372 bytes
Received 12910592/17553372 bytes
Received 12976128/17553372 bytes
Received 13041664/17553372 bytes
Received 13107200/17553372 bytes
Received 13172736/17553372 bytes
Received 13238272/17553372 bytes
Received 13303808/17553372 bytes
Received 13369344/17553372 bytes
Received 13434880/17553372 bytes
Received 13500416/17553372 bytes
Received 13565952/17553372 bytes
Received 13631488/17553372 bytes
Received 13697024/17553372 bytes
Received 13762560/17553372 bytes
Received 13828096/17553372 bytes
Received 13893632/17553372 bytes
Received 13959168/17553372 bytes
Received 14024704/17553372 bytes
Received 14090240/17553372 bytes
Received 14155776/17553372 bytes
Received 14221312/17553372 bytes
Received 14286848/17553372 bytes
Received 14352384/17553372 bytes
Received 14417920/17553372 bytes
Received 14483456/17553372 bytes
Received 14548992/17553372 bytes
Received 14614528/17553372 bytes
Received 14680064/17553372 bytes
Received 14745600/17553372 bytes
Received 14811136/17553372 bytes
Received 14876672/17553372 bytes
Received 14942208/17553372 bytes
Received 15007744/17553372 bytes
Received 15073280/17553372 bytes
Received 15138816/17553372 bytes
Received 15204352/17553372 bytes
Received 15269888/17553372 bytes
Received 15335424/17553372 bytes
Received 15400960/17553372 bytes
Received 15466496/17553372 bytes
Received 15532032/17553372 bytes
Received 15597568/17553372 bytes
Received 15663104/17553372 bytes
Received 15728640/17553372 bytes
Received 15794176/17553372 bytes
Received 15859712/17553372 bytes
Received 15925248/17553372 bytes
Received 15990784/17553372 bytes
Received 16056320/17553372 bytes
Received 16121856/17553372 bytes
Received 16187392/17553372 bytes
Received 16252928/17553372 bytes
Received 16318464/17553372 bytes
Received 16384000/17553372 bytes
Received 16449536/17553372 bytes
Received 16515072/17553372 bytes
Received 16580608/17553372 bytes
Received 16646144/17553372 bytes
Received 16711680/17553372 bytes
Received 16777216/17553372 bytes
Received 16842752/17553372 bytes
Received 16908288/17553372 bytes
Received 16973824/17553372 bytes
Received 17039360/17553372 bytes
Received 17104896/17553372 bytes
Received 17170432/17553372 bytes
Received 17235968/17553372 bytes
Received 17301504/17553372 bytes
Received 17367040/17553372 bytes
Received 17432576/17553372 bytes
Received 17498112/17553372 bytes
Received 17553372/17553372 bytes
Transfer complete.
Service Keter[Windows]._lanfiletransfer._tcp.local. removed
